<?xml version="1.0" encoding="UTF-8"?>
<testsuite name="com.github.jobjava00.domain.DomainApplicationTests" tests="1" skipped="0" failures="0" errors="0" timestamp="2019-01-20T06:20:36" hostname="SURFACE-UIENW00" time="0.137">
  <properties/>
  <testcase name="contextLoads" classname="com.github.jobjava00.domain.DomainApplicationTests" time="0.137"/>
  <system-out><![CDATA[15:20:28.048 [Test worker] DEBUG org.springframework.test.context.junit4.SpringJUnit4ClassRunner - SpringJUnit4ClassRunner constructor called with [class com.github.jobjava00.domain.DomainApplicationTests]
15:20:28.065 [Test worker] DEBUG org.springframework.test.context.BootstrapUtils - Instantiating CacheAwareContextLoaderDelegate from class [org.springframework.test.context.cache.DefaultCacheAwareContextLoaderDelegate]
15:20:28.092 [Test worker] DEBUG org.springframework.test.context.BootstrapUtils - Instantiating BootstrapContext using constructor [public org.springframework.test.context.support.DefaultBootstrapContext(java.lang.Class,org.springframework.test.context.CacheAwareContextLoaderDelegate)]
15:20:28.138 [Test worker] DEBUG org.springframework.test.context.BootstrapUtils - Instantiating TestContextBootstrapper for test class [com.github.jobjava00.domain.DomainApplicationTests] from class [org.springframework.boot.test.context.SpringBootTestContextBootstrapper]
15:20:28.179 [Test worker] INFO org.springframework.boot.test.context.SpringBootTestContextBootstrapper - Neither @ContextConfiguration nor @ContextHierarchy found for test class [com.github.jobjava00.domain.DomainApplicationTests], using SpringBootContextLoader
15:20:28.186 [Test worker] DEBUG org.springframework.test.context.support.AbstractContextLoader - Did not detect default resource location for test class [com.github.jobjava00.domain.DomainApplicationTests]: class path resource [com/github/jobjava00/domain/DomainApplicationTests-context.xml] does not exist
15:20:28.188 [Test worker] DEBUG org.springframework.test.context.support.AbstractContextLoader - Did not detect default resource location for test class [com.github.jobjava00.domain.DomainApplicationTests]: class path resource [com/github/jobjava00/domain/DomainApplicationTestsContext.groovy] does not exist
15:20:28.188 [Test worker] INFO org.springframework.test.context.support.AbstractContextLoader - Could not detect default resource locations for test class [com.github.jobjava00.domain.DomainApplicationTests]: no resource found for suffixes {-context.xml, Context.groovy}.
15:20:28.190 [Test worker] INFO org.springframework.test.context.support.AnnotationConfigContextLoaderUtils - Could not detect default configuration classes for test class [com.github.jobjava00.domain.DomainApplicationTests]: DomainApplicationTests does not declare any static, non-private, non-final, nested classes annotated with @Configuration.
15:20:28.303 [Test worker] DEBUG org.springframework.test.context.support.ActiveProfilesUtils - Could not find an 'annotation declaring class' for annotation type [org.springframework.test.context.ActiveProfiles] and class [com.github.jobjava00.domain.DomainApplicationTests]
15:20:28.457 [Test worker] DEBUG org.springframework.context.annotation.ClassPathScanningCandidateComponentProvider - Identified candidate component class: file [C:\dev\workspace\study\spring-boot-security-multi\spring-boot-security-multi-domain\build\classes\java\main\com\github\jobjava00\domain\DomainApplication.class]
15:20:28.461 [Test worker] INFO org.springframework.boot.test.context.SpringBootTestContextBootstrapper - Found @SpringBootConfiguration com.github.jobjava00.domain.DomainApplication for test class com.github.jobjava00.domain.DomainApplicationTests
15:20:28.693 [Test worker] DEBUG org.springframework.boot.test.context.SpringBootTestContextBootstrapper - @TestExecutionListeners is not present for class [com.github.jobjava00.domain.DomainApplicationTests]: using defaults.
15:20:28.695 [Test worker] INFO org.springframework.boot.test.context.SpringBootTestContextBootstrapper - Loaded default TestExecutionListener class names from location [META-INF/spring.factories]: [org.springframework.security.test.context.support.WithSecurityContextTestExecutionListener, org.springframework.security.test.context.support.ReactorContextTestExecutionListener, org.springframework.boot.test.autoconfigure.restdocs.RestDocsTestExecutionListener, org.springframework.boot.test.autoconfigure.web.client.MockRestServiceServerResetTestExecutionListener, org.springframework.boot.test.autoconfigure.web.servlet.MockMvcPrintOnlyOnFailureTestExecutionListener, org.springframework.boot.test.autoconfigure.web.servlet.WebDriverTestExecutionListener, org.springframework.boot.test.mock.mockito.MockitoTestExecutionListener, org.springframework.boot.test.mock.mockito.ResetMocksTestExecutionListener, org.springframework.test.context.web.ServletTestExecutionListener, org.springframework.test.context.support.DirtiesContextBeforeModesTestExecutionListener, org.springframework.test.context.support.DependencyInjectionTestExecutionListener, org.springframework.test.context.support.DirtiesContextTestExecutionListener, org.springframework.test.context.transaction.TransactionalTestExecutionListener, org.springframework.test.context.jdbc.SqlScriptsTestExecutionListener]
15:20:28.727 [Test worker] DEBUG org.springframework.boot.test.context.SpringBootTestContextBootstrapper - Skipping candidate TestExecutionListener [org.springframework.test.context.web.ServletTestExecutionListener] due to a missing dependency. Specify custom listener classes or make the default listener classes and their required dependencies available. Offending class: [javax/servlet/ServletContext]
15:20:28.749 [Test worker] INFO org.springframework.boot.test.context.SpringBootTestContextBootstrapper - Using TestExecutionListeners: [org.springframework.test.context.support.DirtiesContextBeforeModesTestExecutionListener@3d26feef, org.springframework.boot.test.mock.mockito.MockitoTestExecutionListener@2bcdaf06, org.springframework.boot.test.autoconfigure.SpringBootDependencyInjectionTestExecutionListener@c3d95c6, org.springframework.test.context.support.DirtiesContextTestExecutionListener@2f032f56, org.springframework.test.context.transaction.TransactionalTestExecutionListener@25586ddf, org.springframework.test.context.jdbc.SqlScriptsTestExecutionListener@632b43ed, org.springframework.security.test.context.support.WithSecurityContextTestExecutionListener@35869eb, org.springframework.security.test.context.support.ReactorContextTestExecutionListener@35978f49, org.springframework.boot.test.autoconfigure.restdocs.RestDocsTestExecutionListener@53473ab1, org.springframework.boot.test.autoconfigure.web.client.MockRestServiceServerResetTestExecutionListener@6aca2f1f, org.springframework.boot.test.autoconfigure.web.servlet.MockMvcPrintOnlyOnFailureTestExecutionListener@2a1d149c, org.springframework.boot.test.autoconfigure.web.servlet.WebDriverTestExecutionListener@23f93b51, org.springframework.boot.test.mock.mockito.ResetMocksTestExecutionListener@49011f2d]
15:20:28.756 [Test worker] DEBUG org.springframework.test.annotation.ProfileValueUtils - Retrieved @ProfileValueSourceConfiguration [null] for test class [com.github.jobjava00.domain.DomainApplicationTests]
15:20:28.757 [Test worker] DEBUG org.springframework.test.annotation.ProfileValueUtils - Retrieved ProfileValueSource type [class org.springframework.test.annotation.SystemProfileValueSource] for class [com.github.jobjava00.domain.DomainApplicationTests]
15:20:28.759 [Test worker] DEBUG org.springframework.test.annotation.ProfileValueUtils - Retrieved @ProfileValueSourceConfiguration [null] for test class [com.github.jobjava00.domain.DomainApplicationTests]
15:20:28.759 [Test worker] DEBUG org.springframework.test.annotation.ProfileValueUtils - Retrieved ProfileValueSource type [class org.springframework.test.annotation.SystemProfileValueSource] for class [com.github.jobjava00.domain.DomainApplicationTests]
15:20:28.767 [Test worker] DEBUG org.springframework.test.context.support.AbstractDirtiesContextTestExecutionListener - Before test class: context [DefaultTestContext@773547f1 testClass = DomainApplicationTests, testInstance = [null], testMethod = [null], testException = [null], mergedContextConfiguration = [MergedContextConfiguration@7c680090 testClass = DomainApplicationTests, locations = '{}', classes = '{class com.github.jobjava00.domain.DomainApplication}', contextInitializerClasses = '[]', activeProfiles = '{}', propertySourceLocations = '{}', propertySourceProperties = '{org.springframework.boot.test.context.SpringBootTestContextBootstrapper=true}', contextCustomizers = set[org.springframework.boot.test.autoconfigure.properties.PropertyMappingContextCustomizer@0, org.springframework.boot.test.autoconfigure.web.servlet.WebDriverContextCustomizerFactory$Customizer@5462df87, org.springframework.boot.test.context.filter.ExcludeFilterContextCustomizer@2a6c0a61, org.springframework.boot.test.json.DuplicateJsonObjectContextCustomizerFactory$DuplicateJsonObjectContextCustomizer@526f0ed3, org.springframework.boot.test.mock.mockito.MockitoContextCustomizer@0, org.springframework.boot.test.web.client.TestRestTemplateContextCustomizer@14f476f6], contextLoader = 'org.springframework.boot.test.context.SpringBootContextLoader', parent = [null]], attributes = map[[empty]]], class annotated with @DirtiesContext [false] with mode [null].
15:20:28.769 [Test worker] DEBUG org.springframework.test.annotation.ProfileValueUtils - Retrieved @ProfileValueSourceConfiguration [null] for test class [com.github.jobjava00.domain.DomainApplicationTests]
15:20:28.769 [Test worker] DEBUG org.springframework.test.annotation.ProfileValueUtils - Retrieved ProfileValueSource type [class org.springframework.test.annotation.SystemProfileValueSource] for class [com.github.jobjava00.domain.DomainApplicationTests]
15:20:28.779 [Test worker] DEBUG org.springframework.test.context.support.DependencyInjectionTestExecutionListener - Performing dependency injection for test context [[DefaultTestContext@773547f1 testClass = DomainApplicationTests, testInstance = com.github.jobjava00.domain.DomainApplicationTests@1624d136, testMethod = [null], testException = [null], mergedContextConfiguration = [MergedContextConfiguration@7c680090 testClass = DomainApplicationTests, locations = '{}', classes = '{class com.github.jobjava00.domain.DomainApplication}', contextInitializerClasses = '[]', activeProfiles = '{}', propertySourceLocations = '{}', propertySourceProperties = '{org.springframework.boot.test.context.SpringBootTestContextBootstrapper=true}', contextCustomizers = set[org.springframework.boot.test.autoconfigure.properties.PropertyMappingContextCustomizer@0, org.springframework.boot.test.autoconfigure.web.servlet.WebDriverContextCustomizerFactory$Customizer@5462df87, org.springframework.boot.test.context.filter.ExcludeFilterContextCustomizer@2a6c0a61, org.springframework.boot.test.json.DuplicateJsonObjectContextCustomizerFactory$DuplicateJsonObjectContextCustomizer@526f0ed3, org.springframework.boot.test.mock.mockito.MockitoContextCustomizer@0, org.springframework.boot.test.web.client.TestRestTemplateContextCustomizer@14f476f6], contextLoader = 'org.springframework.boot.test.context.SpringBootContextLoader', parent = [null]], attributes = map[[empty]]]].
15:20:28.837 [Test worker] DEBUG org.springframework.test.context.support.TestPropertySourceUtils - Adding inlined properties to environment: {spring.jmx.enabled=false, org.springframework.boot.test.context.SpringBootTestContextBootstrapper=true, server.port=-1}

  .   ____          _            __ _ _
 /\\ / ___'_ __ _ _(_)_ __  __ _ \ \ \ \
( ( )\___ | '_ | '_| | '_ \/ _` | \ \ \ \
 \\/  ___)| |_)| | | | | || (_| |  ) ) ) )
  '  |____| .__|_| |_|_| |_\__, | / / / /
 =========|_|==============|___/=/_/_/_/
 :: Spring Boot ::        (v2.1.2.RELEASE)

2019-01-20 15:20:29.560  INFO 19352 --- [    Test worker] c.g.j.domain.DomainApplicationTests      : Starting DomainApplicationTests on SURFACE-UIENW00 with PID 19352 (started by uienw in C:\dev\workspace\study\spring-boot-security-multi\spring-boot-security-multi-domain)
2019-01-20 15:20:29.562  INFO 19352 --- [    Test worker] c.g.j.domain.DomainApplicationTests      : No active profile set, falling back to default profiles: default
2019-01-20 15:20:30.504  INFO 19352 --- [    Test worker] .s.d.r.c.RepositoryConfigurationDelegate : Bootstrapping Spring Data repositories in DEFAULT mode.
2019-01-20 15:20:30.677  INFO 19352 --- [    Test worker] .s.d.r.c.RepositoryConfigurationDelegate : Finished Spring Data repository scanning in 151ms. Found 1 repository interfaces.
2019-01-20 15:20:31.880  INFO 19352 --- [    Test worker] com.zaxxer.hikari.HikariDataSource       : HikariPool-1 - Starting...
2019-01-20 15:20:32.322  INFO 19352 --- [    Test worker] com.zaxxer.hikari.HikariDataSource       : HikariPool-1 - Start completed.
2019-01-20 15:20:32.547  INFO 19352 --- [    Test worker] o.hibernate.jpa.internal.util.LogHelper  : HHH000204: Processing PersistenceUnitInfo [
	name: default
	...]
2019-01-20 15:20:32.745  INFO 19352 --- [    Test worker] org.hibernate.Version                    : HHH000412: Hibernate Core {5.3.7.Final}
2019-01-20 15:20:32.748  INFO 19352 --- [    Test worker] org.hibernate.cfg.Environment            : HHH000206: hibernate.properties not found
2019-01-20 15:20:33.168  INFO 19352 --- [    Test worker] o.hibernate.annotations.common.Version   : HCANN000001: Hibernate Commons Annotations {5.0.4.Final}
2019-01-20 15:20:33.627  INFO 19352 --- [    Test worker] org.hibernate.dialect.Dialect            : HHH000400: Using dialect: org.hibernate.dialect.H2Dialect
2019-01-20 15:20:35.114  INFO 19352 --- [    Test worker] o.h.t.schema.internal.SchemaCreatorImpl  : HHH000476: Executing import script 'org.hibernate.tool.schema.internal.exec.ScriptSourceInputNonExistentImpl@612a3b58'
2019-01-20 15:20:35.122  INFO 19352 --- [    Test worker] j.LocalContainerEntityManagerFactoryBean : Initialized JPA EntityManagerFactory for persistence unit 'default'
2019-01-20 15:20:36.514  INFO 19352 --- [    Test worker] c.g.j.domain.DomainApplicationTests      : Started DomainApplicationTests in 7.674 seconds (JVM running for 11.8)
]]></system-out>
  <system-err><![CDATA[]]></system-err>
</testsuite>
